<?xml version="1.0" encoding="UTF-8"?>
<!-- Generated by org.testng.reporters.JUnitReportReporter -->
<testsuite hostname="LAPTOP-CCP14ABS" failures="0" tests="1" name="testCases.TC002_LoginTest" time="4.336" errors="0" timestamp="2024-11-10T13:35:01 IST" skipped="0">
  <testcase classname="testCases.TC002_LoginTest" name="verify_Login" time="4.336"/>
</testsuite> <!-- testCases.TC002_LoginTest -->
